Command line invocation:
    /Applications/Xcode.app/Contents/Developer/usr/bin/xcodebuild -project Prompt28.xcodeproj -scheme Prompt28 -destination generic/platform=iOS build

ComputePackagePrebuildTargetDependencyGraph

Prepare packages

CreateBuildRequest

SendProjectDescription

CreateBuildOperation

ComputeTargetDependencyGraph
note: Building targets in dependency order
note: Target dependency graph (1 target)
    Target 'Prompt28' in project 'Prompt28' (no dependencies)

GatherProvisioningInputs

CreateBuildDescription

ExecuteExternalTool /Applications/Xcode.app/Contents/Developer/Toolchains/XcodeDefault.xctoolchain/usr/bin/clang -v -E -dM -isysroot /Applications/Xcode.app/Contents/Developer/Platforms/iPhoneOS.platform/Developer/SDKs/iPhoneOS26.2.sdk -x c -c /dev/null

ExecuteExternalTool /Applications/Xcode.app/Contents/Developer/usr/bin/actool --print-asset-tag-combinations --output-format xml1 /Users/nataliewhipps/Desktop/Prompt28/Prompt28/Assets.xcassets

ExecuteExternalTool /Applications/Xcode.app/Contents/Developer/usr/bin/actool --version --output-format xml1

ExecuteExternalTool /Applications/Xcode.app/Contents/Developer/Toolchains/XcodeDefault.xctoolchain/usr/bin/swiftc --version

ExecuteExternalTool /Applications/Xcode.app/Contents/Developer/Toolchains/XcodeDefault.xctoolchain/usr/bin/ld -version_details

Build description signature: d957f2a5e187d7e7d08f8d62b2ef49dc
Build description path: /Users/nataliewhipps/Library/Developer/Xcode/DerivedData/Prompt28-cgmmkisguitsyibyvnemfqvywbnv/Build/Intermediates.noindex/XCBuildData/d957f2a5e187d7e7d08f8d62b2ef49dc.xcbuilddata
ProcessProductPackaging /Users/nataliewhipps/Desktop/Prompt28/Prompt28/Prompt28.entitlements /Users/nataliewhipps/Library/Developer/Xcode/DerivedData/Prompt28-cgmmkisguitsyibyvnemfqvywbnv/Build/Intermediates.noindex/Prompt28.build/Debug-iphoneos/Prompt28.build/Prompt28.app.xcent (in target 'Prompt28' from project 'Prompt28')
    cd /Users/nataliewhipps/Desktop/Prompt28
    
    Entitlements:
    
    {
    "application-identifier" = "A2295U45FN.com.prompt28.prompt28";
    "com.apple.developer.applesignin" =     (
        Default
    );
    "com.apple.developer.team-identifier" = A2295U45FN;
    "get-task-allow" = 1;
}
    
    builtin-productPackagingUtility /Users/nataliewhipps/Desktop/Prompt28/Prompt28/Prompt28.entitlements -entitlements -format xml -o /Users/nataliewhipps/Library/Developer/Xcode/DerivedData/Prompt28-cgmmkisguitsyibyvnemfqvywbnv/Build/Intermediates.noindex/Prompt28.build/Debug-iphoneos/Prompt28.build/Prompt28.app.xcent

ProcessProductPackagingDER /Users/nataliewhipps/Library/Developer/Xcode/DerivedData/Prompt28-cgmmkisguitsyibyvnemfqvywbnv/Build/Intermediates.noindex/Prompt28.build/Debug-iphoneos/Prompt28.build/Prompt28.app.xcent /Users/nataliewhipps/Library/Developer/Xcode/DerivedData/Prompt28-cgmmkisguitsyibyvnemfqvywbnv/Build/Intermediates.noindex/Prompt28.build/Debug-iphoneos/Prompt28.build/Prompt28.app.xcent.der (in target 'Prompt28' from project 'Prompt28')
    cd /Users/nataliewhipps/Desktop/Prompt28
    /usr/bin/derq query -f xml -i /Users/nataliewhipps/Library/Developer/Xcode/DerivedData/Prompt28-cgmmkisguitsyibyvnemfqvywbnv/Build/Intermediates.noindex/Prompt28.build/Debug-iphoneos/Prompt28.build/Prompt28.app.xcent -o /Users/nataliewhipps/Library/Developer/Xcode/DerivedData/Prompt28-cgmmkisguitsyibyvnemfqvywbnv/Build/Intermediates.noindex/Prompt28.build/Debug-iphoneos/Prompt28.build/Prompt28.app.xcent.der --raw

ClangStatCache /Applications/Xcode.app/Contents/Developer/Toolchains/XcodeDefault.xctoolchain/usr/bin/clang-stat-cache /Applications/Xcode.app/Contents/Developer/Platforms/iPhoneOS.platform/Developer/SDKs/iPhoneOS26.2.sdk /Users/nataliewhipps/Library/Developer/Xcode/DerivedData/SDKStatCaches.noindex/iphoneos26.2-23C57-3794476bd08197c3e2abd9bb477ef7f7.sdkstatcache
    cd /Users/nataliewhipps/Desktop/Prompt28/Prompt28.xcodeproj
    /Applications/Xcode.app/Contents/Developer/Toolchains/XcodeDefault.xctoolchain/usr/bin/clang-stat-cache /Applications/Xcode.app/Contents/Developer/Platforms/iPhoneOS.platform/Developer/SDKs/iPhoneOS26.2.sdk -o /Users/nataliewhipps/Library/Developer/Xcode/DerivedData/SDKStatCaches.noindex/iphoneos26.2-23C57-3794476bd08197c3e2abd9bb477ef7f7.sdkstatcache

Ld /Users/nataliewhipps/Library/Developer/Xcode/DerivedData/Prompt28-cgmmkisguitsyibyvnemfqvywbnv/Build/Products/Debug-iphoneos/Prompt28.app/Prompt28.debug.dylib normal (in target 'Prompt28' from project 'Prompt28')
    cd /Users/nataliewhipps/Desktop/Prompt28
    /Applications/Xcode.app/Contents/Developer/Toolchains/XcodeDefault.xctoolchain/usr/bin/clang -Xlinker -reproducible -target arm64-apple-ios26.2 -dynamiclib -isysroot /Applications/Xcode.app/Contents/Developer/Platforms/iPhoneOS.platform/Developer/SDKs/iPhoneOS26.2.sdk -O0 -L/Users/nataliewhipps/Library/Developer/Xcode/DerivedData/Prompt28-cgmmkisguitsyibyvnemfqvywbnv/Build/Intermediates.noindex/EagerLinkingTBDs/Debug-iphoneos -L/Users/nataliewhipps/Library/Developer/Xcode/DerivedData/Prompt28-cgmmkisguitsyibyvnemfqvywbnv/Build/Products/Debug-iphoneos -F/Users/nataliewhipps/Library/Developer/Xcode/DerivedData/Prompt28-cgmmkisguitsyibyvnemfqvywbnv/Build/Intermediates.noindex/EagerLinkingTBDs/Debug-iphoneos -F/Users/nataliewhipps/Library/Developer/Xcode/DerivedData/Prompt28-cgmmkisguitsyibyvnemfqvywbnv/Build/Products/Debug-iphoneos -filelist /Users/nataliewhipps/Library/Developer/Xcode/DerivedData/Prompt28-cgmmkisguitsyibyvnemfqvywbnv/Build/Intermediates.noindex/Prompt28.build/Debug-iphoneos/Prompt28.build/Objects-normal/arm64/Prompt28.LinkFileList -install_name @rpath/Prompt28.debug.dylib -Xlinker -rpath -Xlinker @executable_path/Frameworks -dead_strip -Xlinker -object_path_lto -Xlinker /Users/nataliewhipps/Library/Developer/Xcode/DerivedData/Prompt28-cgmmkisguitsyibyvnemfqvywbnv/Build/Intermediates.noindex/Prompt28.build/Debug-iphoneos/Prompt28.build/Objects-normal/arm64/Prompt28_lto.o -rdynamic -Xlinker -no_deduplicate -Xlinker -debug_variant -Xlinker -dependency_info -Xlinker /Users/nataliewhipps/Library/Developer/Xcode/DerivedData/Prompt28-cgmmkisguitsyibyvnemfqvywbnv/Build/Intermediates.noindex/Prompt28.build/Debug-iphoneos/Prompt28.build/Objects-normal/arm64/Prompt28_dependency_info.dat -fobjc-link-runtime -fprofile-instr-generate -L/Applications/Xcode.app/Contents/Developer/Toolchains/XcodeDefault.xctoolchain/usr/lib/swift/iphoneos -L/usr/lib/swift -Xlinker -add_ast_path -Xlinker /Users/nataliewhipps/Library/Developer/Xcode/DerivedData/Prompt28-cgmmkisguitsyibyvnemfqvywbnv/Build/Intermediates.noindex/Prompt28.build/Debug-iphoneos/Prompt28.build/Objects-normal/arm64/Prompt28.swiftmodule @/Users/nataliewhipps/Library/Developer/Xcode/DerivedData/Prompt28-cgmmkisguitsyibyvnemfqvywbnv/Build/Intermediates.noindex/Prompt28.build/Debug-iphoneos/Prompt28.build/Objects-normal/arm64/Prompt28-linker-args.resp -Xlinker -alias -Xlinker _main -Xlinker ___debug_main_executable_dylib_entry_point -Xlinker -no_adhoc_codesign -o /Users/nataliewhipps/Library/Developer/Xcode/DerivedData/Prompt28-cgmmkisguitsyibyvnemfqvywbnv/Build/Products/Debug-iphoneos/Prompt28.app/Prompt28.debug.dylib

ConstructStubExecutorLinkFileList /Users/nataliewhipps/Library/Developer/Xcode/DerivedData/Prompt28-cgmmkisguitsyibyvnemfqvywbnv/Build/Intermediates.noindex/Prompt28.build/Debug-iphoneos/Prompt28.build/Prompt28-ExecutorLinkFileList-normal-arm64.txt (in target 'Prompt28' from project 'Prompt28')
    cd /Users/nataliewhipps/Desktop/Prompt28
    construct-stub-executor-link-file-list /Users/nataliewhipps/Library/Developer/Xcode/DerivedData/Prompt28-cgmmkisguitsyibyvnemfqvywbnv/Build/Products/Debug-iphoneos/Prompt28.app/Prompt28.debug.dylib /Applications/Xcode.app/Contents/Developer/Platforms/iPhoneOS.platform/Developer/usr/lib/libPreviewsJITStubExecutor_no_swift_entry_point.a /Applications/Xcode.app/Contents/Developer/Platforms/iPhoneOS.platform/Developer/usr/lib/libPreviewsJITStubExecutor.a --output /Users/nataliewhipps/Library/Developer/Xcode/DerivedData/Prompt28-cgmmkisguitsyibyvnemfqvywbnv/Build/Intermediates.noindex/Prompt28.build/Debug-iphoneos/Prompt28.build/Prompt28-ExecutorLinkFileList-normal-arm64.txt
note: Using stub executor library with Swift entry point. (in target 'Prompt28' from project 'Prompt28')

Ld /Users/nataliewhipps/Library/Developer/Xcode/DerivedData/Prompt28-cgmmkisguitsyibyvnemfqvywbnv/Build/Products/Debug-iphoneos/Prompt28.app/Prompt28 normal (in target 'Prompt28' from project 'Prompt28')
    cd /Users/nataliewhipps/Desktop/Prompt28
    /Applications/Xcode.app/Contents/Developer/Toolchains/XcodeDefault.xctoolchain/usr/bin/clang -Xlinker -reproducible -target arm64-apple-ios26.2 -isysroot /Applications/Xcode.app/Contents/Developer/Platforms/iPhoneOS.platform/Developer/SDKs/iPhoneOS26.2.sdk -O0 -L/Users/nataliewhipps/Library/Developer/Xcode/DerivedData/Prompt28-cgmmkisguitsyibyvnemfqvywbnv/Build/Products/Debug-iphoneos -F/Users/nataliewhipps/Library/Developer/Xcode/DerivedData/Prompt28-cgmmkisguitsyibyvnemfqvywbnv/Build/Products/Debug-iphoneos -Xlinker -rpath -Xlinker @executable_path -Xlinker -rpath -Xlinker @executable_path/Frameworks -rdynamic -Xlinker -no_deduplicate -Xlinker -debug_variant -e ___debug_blank_executor_main -Xlinker -sectcreate -Xlinker __TEXT -Xlinker __debug_dylib -Xlinker /Users/nataliewhipps/Library/Developer/Xcode/DerivedData/Prompt28-cgmmkisguitsyibyvnemfqvywbnv/Build/Intermediates.noindex/Prompt28.build/Debug-iphoneos/Prompt28.build/Prompt28-DebugDylibPath-normal-arm64.txt -Xlinker -sectcreate -Xlinker __TEXT -Xlinker __debug_instlnm -Xlinker /Users/nataliewhipps/Library/Developer/Xcode/DerivedData/Prompt28-cgmmkisguitsyibyvnemfqvywbnv/Build/Intermediates.noindex/Prompt28.build/Debug-iphoneos/Prompt28.build/Prompt28-DebugDylibInstallName-normal-arm64.txt -Xlinker -filelist -Xlinker /Users/nataliewhipps/Library/Developer/Xcode/DerivedData/Prompt28-cgmmkisguitsyibyvnemfqvywbnv/Build/Intermediates.noindex/Prompt28.build/Debug-iphoneos/Prompt28.build/Prompt28-ExecutorLinkFileList-normal-arm64.txt /Users/nataliewhipps/Library/Developer/Xcode/DerivedData/Prompt28-cgmmkisguitsyibyvnemfqvywbnv/Build/Products/Debug-iphoneos/Prompt28.app/Prompt28.debug.dylib -Xlinker -no_adhoc_codesign -o /Users/nataliewhipps/Library/Developer/Xcode/DerivedData/Prompt28-cgmmkisguitsyibyvnemfqvywbnv/Build/Products/Debug-iphoneos/Prompt28.app/Prompt28

ExtractAppIntentsMetadata (in target 'Prompt28' from project 'Prompt28')
    cd /Users/nataliewhipps/Desktop/Prompt28
    /Applications/Xcode.app/Contents/Developer/Toolchains/XcodeDefault.xctoolchain/usr/bin/appintentsmetadataprocessor --toolchain-dir /Applications/Xcode.app/Contents/Developer/Toolchains/XcodeDefault.xctoolchain --module-name Prompt28 --sdk-root /Applications/Xcode.app/Contents/Developer/Platforms/iPhoneOS.platform/Developer/SDKs/iPhoneOS26.2.sdk --xcode-version 17C529 --platform-family iOS --deployment-target 26.2 --bundle-identifier com.prompt28.prompt28 --output /Users/nataliewhipps/Library/Developer/Xcode/DerivedData/Prompt28-cgmmkisguitsyibyvnemfqvywbnv/Build/Products/Debug-iphoneos/Prompt28.app --target-triple arm64-apple-ios26.2 --binary-file /Users/nataliewhipps/Library/Developer/Xcode/DerivedData/Prompt28-cgmmkisguitsyibyvnemfqvywbnv/Build/Products/Debug-iphoneos/Prompt28.app/Prompt28 --dependency-file /Users/nataliewhipps/Library/Developer/Xcode/DerivedData/Prompt28-cgmmkisguitsyibyvnemfqvywbnv/Build/Intermediates.noindex/Prompt28.build/Debug-iphoneos/Prompt28.build/Objects-normal/arm64/Prompt28_dependency_info.dat --stringsdata-file /Users/nataliewhipps/Library/Developer/Xcode/DerivedData/Prompt28-cgmmkisguitsyibyvnemfqvywbnv/Build/Intermediates.noindex/Prompt28.build/Debug-iphoneos/Prompt28.build/Objects-normal/arm64/ExtractedAppShortcutsMetadata.stringsdata --source-file-list /Users/nataliewhipps/Library/Developer/Xcode/DerivedData/Prompt28-cgmmkisguitsyibyvnemfqvywbnv/Build/Intermediates.noindex/Prompt28.build/Debug-iphoneos/Prompt28.build/Objects-normal/arm64/Prompt28.SwiftFileList --metadata-file-list /Users/nataliewhipps/Library/Developer/Xcode/DerivedData/Prompt28-cgmmkisguitsyibyvnemfqvywbnv/Build/Intermediates.noindex/Prompt28.build/Debug-iphoneos/Prompt28.build/Prompt28.DependencyMetadataFileList --static-metadata-file-list /Users/nataliewhipps/Library/Developer/Xcode/DerivedData/Prompt28-cgmmkisguitsyibyvnemfqvywbnv/Build/Intermediates.noindex/Prompt28.build/Debug-iphoneos/Prompt28.build/Prompt28.DependencyStaticMetadataFileList --swift-const-vals-list /Users/nataliewhipps/Library/Developer/Xcode/DerivedData/Prompt28-cgmmkisguitsyibyvnemfqvywbnv/Build/Intermediates.noindex/Prompt28.build/Debug-iphoneos/Prompt28.build/Objects-normal/arm64/Prompt28.SwiftConstValuesFileList --compile-time-extraction --deployment-aware-processing --validate-assistant-intents --no-app-shortcuts-localization
2026-03-08 11:25:14.561 appintentsmetadataprocessor[10005:218458] Starting appintentsmetadataprocessor export
2026-03-08 11:25:14.565 appintentsmetadataprocessor[10005:218458] warning: Metadata extraction skipped. No AppIntents.framework dependency found.

ProcessInfoPlistFile /Users/nataliewhipps/Library/Developer/Xcode/DerivedData/Prompt28-cgmmkisguitsyibyvnemfqvywbnv/Build/Products/Debug-iphoneos/Prompt28.app/Info.plist /Users/nataliewhipps/Desktop/Prompt28/Prompt28/Info.plist (in target 'Prompt28' from project 'Prompt28')
    cd /Users/nataliewhipps/Desktop/Prompt28
    builtin-infoPlistUtility /Users/nataliewhipps/Desktop/Prompt28/Prompt28/Info.plist -producttype com.apple.product-type.application -genpkginfo /Users/nataliewhipps/Library/Developer/Xcode/DerivedData/Prompt28-cgmmkisguitsyibyvnemfqvywbnv/Build/Products/Debug-iphoneos/Prompt28.app/PkgInfo -expandbuildsettings -format binary -platform iphoneos -additionalcontentfile /Users/nataliewhipps/Library/Developer/Xcode/DerivedData/Prompt28-cgmmkisguitsyibyvnemfqvywbnv/Build/Intermediates.noindex/Prompt28.build/Debug-iphoneos/Prompt28.build/assetcatalog_generated_info.plist -requiredArchitecture arm64 -o /Users/nataliewhipps/Library/Developer/Xcode/DerivedData/Prompt28-cgmmkisguitsyibyvnemfqvywbnv/Build/Products/Debug-iphoneos/Prompt28.app/Info.plist

CopySwiftLibs /Users/nataliewhipps/Library/Developer/Xcode/DerivedData/Prompt28-cgmmkisguitsyibyvnemfqvywbnv/Build/Products/Debug-iphoneos/Prompt28.app (in target 'Prompt28' from project 'Prompt28')
    cd /Users/nataliewhipps/Desktop/Prompt28
    builtin-swiftStdLibTool --copy --verbose --sign F2C606102D7EEF42956C088771923857A3740BCD --scan-executable /Users/nataliewhipps/Library/Developer/Xcode/DerivedData/Prompt28-cgmmkisguitsyibyvnemfqvywbnv/Build/Products/Debug-iphoneos/Prompt28.app/Prompt28.debug.dylib --scan-folder /Users/nataliewhipps/Library/Developer/Xcode/DerivedData/Prompt28-cgmmkisguitsyibyvnemfqvywbnv/Build/Products/Debug-iphoneos/Prompt28.app/Frameworks --scan-folder /Users/nataliewhipps/Library/Developer/Xcode/DerivedData/Prompt28-cgmmkisguitsyibyvnemfqvywbnv/Build/Products/Debug-iphoneos/Prompt28.app/PlugIns --scan-folder /Users/nataliewhipps/Library/Developer/Xcode/DerivedData/Prompt28-cgmmkisguitsyibyvnemfqvywbnv/Build/Products/Debug-iphoneos/Prompt28.app/SystemExtensions --scan-folder /Users/nataliewhipps/Library/Developer/Xcode/DerivedData/Prompt28-cgmmkisguitsyibyvnemfqvywbnv/Build/Products/Debug-iphoneos/Prompt28.app/Extensions --platform iphoneos --toolchain /Applications/Xcode.app/Contents/Developer/Toolchains/XcodeDefault.xctoolchain --destination /Users/nataliewhipps/Library/Developer/Xcode/DerivedData/Prompt28-cgmmkisguitsyibyvnemfqvywbnv/Build/Products/Debug-iphoneos/Prompt28.app/Frameworks --strip-bitcode --strip-bitcode-tool /Applications/Xcode.app/Contents/Developer/Toolchains/XcodeDefault.xctoolchain/usr/bin/bitcode_strip --emit-dependency-info /Users/nataliewhipps/Library/Developer/Xcode/DerivedData/Prompt28-cgmmkisguitsyibyvnemfqvywbnv/Build/Intermediates.noindex/Prompt28.build/Debug-iphoneos/Prompt28.build/SwiftStdLibToolInputDependencies.dep --filter-for-swift-os

CodeSign /Users/nataliewhipps/Library/Developer/Xcode/DerivedData/Prompt28-cgmmkisguitsyibyvnemfqvywbnv/Build/Products/Debug-iphoneos/Prompt28.app/Prompt28.debug.dylib (in target 'Prompt28' from project 'Prompt28')
    cd /Users/nataliewhipps/Desktop/Prompt28
    
    Signing Identity:     "Apple Development: Natalie Whipps (3SUCRQKZSK)"
    Provisioning Profile: "iOS Team Provisioning Profile: com.prompt28.prompt28"
                          (a84b52e8-3523-4722-95d8-61b2e03d16ec)
    
    /usr/bin/codesign --force --sign F2C606102D7EEF42956C088771923857A3740BCD -o runtime --timestamp\=none --generate-entitlement-der /Users/nataliewhipps/Library/Developer/Xcode/DerivedData/Prompt28-cgmmkisguitsyibyvnemfqvywbnv/Build/Products/Debug-iphoneos/Prompt28.app/Prompt28.debug.dylib

CodeSign /Users/nataliewhipps/Library/Developer/Xcode/DerivedData/Prompt28-cgmmkisguitsyibyvnemfqvywbnv/Build/Products/Debug-iphoneos/Prompt28.app (in target 'Prompt28' from project 'Prompt28')
    cd /Users/nataliewhipps/Desktop/Prompt28
    
    Signing Identity:     "Apple Development: Natalie Whipps (3SUCRQKZSK)"
    Provisioning Profile: "iOS Team Provisioning Profile: com.prompt28.prompt28"
                          (a84b52e8-3523-4722-95d8-61b2e03d16ec)
    
    /usr/bin/codesign --force --sign F2C606102D7EEF42956C088771923857A3740BCD -o runtime --entitlements /Users/nataliewhipps/Library/Developer/Xcode/DerivedData/Prompt28-cgmmkisguitsyibyvnemfqvywbnv/Build/Intermediates.noindex/Prompt28.build/Debug-iphoneos/Prompt28.build/Prompt28.app.xcent --timestamp\=none --generate-entitlement-der /Users/nataliewhipps/Library/Developer/Xcode/DerivedData/Prompt28-cgmmkisguitsyibyvnemfqvywbnv/Build/Products/Debug-iphoneos/Prompt28.app

Validate /Users/nataliewhipps/Library/Developer/Xcode/DerivedData/Prompt28-cgmmkisguitsyibyvnemfqvywbnv/Build/Products/Debug-iphoneos/Prompt28.app (in target 'Prompt28' from project 'Prompt28')
    cd /Users/nataliewhipps/Desktop/Prompt28
    builtin-validationUtility /Users/nataliewhipps/Library/Developer/Xcode/DerivedData/Prompt28-cgmmkisguitsyibyvnemfqvywbnv/Build/Products/Debug-iphoneos/Prompt28.app -shallow-bundle -infoplist-subpath Info.plist
warning: All interface orientations must be supported unless the app requires full screen. (in target 'Prompt28' from project 'Prompt28')
warning: A launch configuration or launch storyboard or xib must be provided unless the app requires full screen. (in target 'Prompt28' from project 'Prompt28')

** BUILD SUCCEEDED **

